<?xml version="1.0" encoding="UTF-8"?><testsuite errors="1" failures="0" name="The user would like to register on the Utest Page" skipped="0" tests="1" time="28.15" timestamp="2022-10-31 02:13:06"><testcase name="User register in Utest"><error message="no such element: Unable to locate element: {&quot;method&quot;:&quot;css selector&quot;,&quot;selector&quot;:&quot;div.image-box-header &gt; h1&quot;}&#10;  (Session info: chrome=106.0.5249.121)&#10;For documentation on this error, please visit: https://www.seleniumhq.org/exceptions/no_such_element.html&#10;Build info: version: '3.141.59', revision: 'e82be7d358', time: '2018-11-14T08:17:03'&#10;System info: host: 'LAPTOP-MUKU1ITQ', ip: '192.168.1.5', os.name: 'Windows 11', os.arch: 'amd64', os.version: '10.0', java.version: '1.8.0_352'&#10;Driver info: org.openqa.selenium.chrome.ChromeDriver&#10;Capabilities {acceptInsecureCerts: false, browserName: chrome, browserVersion: 106.0.5249.121, chrome: {chromedriverVersion: 105.0.5195.52 (412c95e51883..., userDataDir: C:\Users\Villonta\AppData\L...}, goog:chromeOptions: {debuggerAddress: localhost:1605}, javascriptEnabled: true, networkConnectionEnabled: false, pageLoadStrategy: normal, platform: WINDOWS, platformName: WINDOWS, proxy: Proxy(), setWindowRect: true, strictFileInteractability: false, timeouts: {implicit: 0, pageLoad: 300000, script: 30000}, unhandledPromptBehavior: dismiss and notify, webauthn:extension:credBlob: true, webauthn:extension:largeBlob: true, webauthn:virtualAuthenticators: true}&#10;Session ID: ae493bd319d41998c525ee93bcc50257&#10;*** Element info: {Using=css selector, value=div.image-box-header &gt; h1}" type="java.lang.AssertionError">no such element: Unable to locate element: {"method":"css selector","selector":"div.image-box-header &gt; h1"}
  (Session info: chrome=106.0.5249.121)
For documentation on this error, please visit: https://www.seleniumhq.org/exceptions/no_such_element.html
Build info: version: '3.141.59', revision: 'e82be7d358', time: '2018-11-14T08:17:03'
System info: host: 'LAPTOP-MUKU1ITQ', ip: '192.168.1.5', os.name: 'Windows 11', os.arch: 'amd64', os.version: '10.0', java.version: '1.8.0_352'
Driver info: org.openqa.selenium.chrome.ChromeDriver
Capabilities {acceptInsecureCerts: false, browserName: chrome, browserVersion: 106.0.5249.121, chrome: {chromedriverVersion: 105.0.5195.52 (412c95e51883..., userDataDir: C:\Users\Villonta\AppData\L...}, goog:chromeOptions: {debuggerAddress: localhost:1605}, javascriptEnabled: true, networkConnectionEnabled: false, pageLoadStrategy: normal, platform: WINDOWS, platformName: WINDOWS, proxy: Proxy(), setWindowRect: true, strictFileInteractability: false, timeouts: {implicit: 0, pageLoad: 300000, script: 30000}, unhandledPromptBehavior: dismiss and notify, webauthn:extension:credBlob: true, webauthn:extension:largeBlob: true, webauthn:virtualAuthenticators: true}
Session ID: ae493bd319d41998c525ee93bcc50257
*** Element info: {Using=css selector, value=div.image-box-header &gt; h1}</error><system-err>no such element: Unable to locate element: {"method":"css selector","selector":"div.image-box-header &gt; h1"}
  (Session info: chrome=106.0.5249.121)
For documentation on this error, please visit: https://www.seleniumhq.org/exceptions/no_such_element.html
Build info: version: '3.141.59', revision: 'e82be7d358', time: '2018-11-14T08:17:03'
System info: host: 'LAPTOP-MUKU1ITQ', ip: '192.168.1.5', os.name: 'Windows 11', os.arch: 'amd64', os.version: '10.0', java.version: '1.8.0_352'
Driver info: org.openqa.selenium.chrome.ChromeDriver
Capabilities {acceptInsecureCerts: false, browserName: chrome, browserVersion: 106.0.5249.121, chrome: {chromedriverVersion: 105.0.5195.52 (412c95e51883..., userDataDir: C:\Users\Villonta\AppData\L...}, goog:chromeOptions: {debuggerAddress: localhost:1605}, javascriptEnabled: true, networkConnectionEnabled: false, pageLoadStrategy: normal, platform: WINDOWS, platformName: WINDOWS, proxy: Proxy(), setWindowRect: true, strictFileInteractability: false, timeouts: {implicit: 0, pageLoad: 300000, script: 30000}, unhandledPromptBehavior: dismiss and notify, webauthn:extension:credBlob: true, webauthn:extension:largeBlob: true, webauthn:virtualAuthenticators: true}
Session ID: ae493bd319d41998c525ee93bcc50257
*** Element info: {Using=css selector, value=div.image-box-header &gt; h1}&#13;
co.com.retochoucair.stepdefinitions.UserRegistrationStepDefinitions.theUserShouldSeeTheText(UserRegistrationStepDefinitions.java:46)&#13;
✽.the user should see the text Welcome to the world's largest community of freelance software testers!(src/test/resources/features/userRegistration.feature:11)&#13;
</system-err></testcase></testsuite>